d:\cate_work\gate_emt_dds\gate_emt_dds_v1.0\gate_emt_dds_v1.0\x64\release\vc142.pdb
d:\cate_work\gate_emt_dds\gate_emt_dds_v1.0\gate_emt_dds_v1.0\x64\release\sharedmemoryadaptor.obj
d:\cate_work\gate_emt_dds\gate_emt_dds_v1.0\gate_emt_dds_v1.0\x64\release\security_handle.obj
d:\cate_work\gate_emt_dds\gate_emt_dds_v1.0\gate_emt_dds_v1.0\x64\release\main.obj
d:\cate_work\gate_emt_dds\gate_emt_dds_v1.0\gate_emt_dds_v1.0\x64\release\config_reader.obj
d:\cate_work\gate_emt_dds\gate_emt_dds_v1.0\gate_emt_dds_v1.0\x64\release\adapters.obj
d:\cate_work\gate_emt_dds\gate_emt_dds_v1.0\gate_emt_dds_v1.0\x64\release\logger.obj
d:\cate_work\gate_emt_dds\gate_emt_dds_v1.0\gate_emt_dds_v1.0\x64\release\ddsunit.obj
d:\cate_work\gate_emt_dds\gate_emt_dds_v1.0\gate_emt_dds_v1.0\x64\release\moduleio.obj
d:\cate_work\gate_emt_dds\gate_emt_dds_v1.0\gate_emt_dds_v1.0\x64\release\struct.obj
d:\cate_work\gate_emt_dds\gate_emt_dds_v1.0\gate_emt_dds_v1.0\x64\release\readerconfigunits.obj
d:\cate_work\gate_emt_dds\gate_emt_dds_v1.0\gate_emt_dds_v1.0\x64\release\module_cp.obj
d:\cate_work\gate_emt_dds\gate_emt_dds_v1.0\gate_emt_dds_v1.0\x64\release\unit_tcp_cp.obj
d:\cate_work\gate_emt_dds\gate_emt_dds_v1.0\gate_emt_dds_v1.0\x64\release\unit_dds_cp.obj
d:\cate_work\gate_emt_dds\gate_emt_dds_v1.0\gate_emt_dds_v1.0\x64\release\unit_cp.obj
d:\cate_work\gate_emt_dds\gate_emt_dds_v1.0\x64\release\gate_emt_dds_v1.0.exe
d:\cate_work\gate_emt_dds\gate_emt_dds_v1.0\x64\release\gate_emt_dds_v1.0.pdb
d:\cate_work\gate_emt_dds\gate_emt_dds_v1.0\gate_emt_dds_v1.0\x64\release\gate_emt.90e3ee34.tlog\cl.command.1.tlog
d:\cate_work\gate_emt_dds\gate_emt_dds_v1.0\gate_emt_dds_v1.0\x64\release\gate_emt.90e3ee34.tlog\cl.read.1.tlog
d:\cate_work\gate_emt_dds\gate_emt_dds_v1.0\gate_emt_dds_v1.0\x64\release\gate_emt.90e3ee34.tlog\cl.write.1.tlog
d:\cate_work\gate_emt_dds\gate_emt_dds_v1.0\gate_emt_dds_v1.0\x64\release\gate_emt.90e3ee34.tlog\link.command.1.tlog
d:\cate_work\gate_emt_dds\gate_emt_dds_v1.0\gate_emt_dds_v1.0\x64\release\gate_emt.90e3ee34.tlog\link.read.1.tlog
d:\cate_work\gate_emt_dds\gate_emt_dds_v1.0\gate_emt_dds_v1.0\x64\release\gate_emt.90e3ee34.tlog\link.write.1.tlog
