  DDSUnit.cpp
D:\CATE_WORK\GATE_EMT_DDS\GATE_EMT_DDS_v1.0\GATE_EMT_DDS_v1.0\DDSUnit.cpp(27,25): error C2061: синтаксическая ошибка: идентификатор "SharedMemoryDDS"
D:\CATE_WORK\GATE_EMT_DDS\GATE_EMT_DDS_v1.0\GATE_EMT_DDS_v1.0\DDSUnit.cpp(39,14): error C3861: CreateNameMemoryDDS: идентификатор не найден
D:\CATE_WORK\GATE_EMT_DDS\GATE_EMT_DDS_v1.0\GATE_EMT_DDS_v1.0\DDSUnit.cpp(40,25): error C2039: "CreateMemory": не является членом "gate::Adapter".
D:\CATE_WORK\GATE_EMT_DDS\GATE_EMT_DDS_v1.0\GATE_EMT_DDS_v1.0\Adapters.h(7): message : см. объявление "gate::Adapter"
D:\CATE_WORK\GATE_EMT_DDS\GATE_EMT_DDS_v1.0\GATE_EMT_DDS_v1.0\DDSUnit.cpp(46,14): error C3861: CreateNameMemoryDDS: идентификатор не найден
D:\CATE_WORK\GATE_EMT_DDS\GATE_EMT_DDS_v1.0\GATE_EMT_DDS_v1.0\DDSUnit.cpp(47,25): error C2039: "CreateMemory": не является членом "gate::Adapter".
D:\CATE_WORK\GATE_EMT_DDS\GATE_EMT_DDS_v1.0\GATE_EMT_DDS_v1.0\Adapters.h(7): message : см. объявление "gate::Adapter"
D:\CATE_WORK\GATE_EMT_DDS\GATE_EMT_DDS_v1.0\GATE_EMT_DDS_v1.0\DDSUnit.cpp(53,14): error C3861: CreateNameMemoryDDS: идентификатор не найден
D:\CATE_WORK\GATE_EMT_DDS\GATE_EMT_DDS_v1.0\GATE_EMT_DDS_v1.0\DDSUnit.cpp(54,25): error C2039: "CreateMemory": не является членом "gate::Adapter".
D:\CATE_WORK\GATE_EMT_DDS\GATE_EMT_DDS_v1.0\GATE_EMT_DDS_v1.0\Adapters.h(7): message : см. объявление "gate::Adapter"
D:\CATE_WORK\GATE_EMT_DDS\GATE_EMT_DDS_v1.0\GATE_EMT_DDS_v1.0\DDSUnit.cpp(238,25): error C2061: синтаксическая ошибка: идентификатор "SharedMemoryDDS"
D:\CATE_WORK\GATE_EMT_DDS\GATE_EMT_DDS_v1.0\GATE_EMT_DDS_v1.0\DDSUnit.cpp(251,14): error C3861: CreateNameMemoryDDS: идентификатор не найден
D:\CATE_WORK\GATE_EMT_DDS\GATE_EMT_DDS_v1.0\GATE_EMT_DDS_v1.0\DDSUnit.cpp(252,25): error C2039: "CreateMemory": не является членом "gate::Adapter".
D:\CATE_WORK\GATE_EMT_DDS\GATE_EMT_DDS_v1.0\GATE_EMT_DDS_v1.0\Adapters.h(7): message : см. объявление "gate::Adapter"
D:\CATE_WORK\GATE_EMT_DDS\GATE_EMT_DDS_v1.0\GATE_EMT_DDS_v1.0\DDSUnit.cpp(258,14): error C3861: CreateNameMemoryDDS: идентификатор не найден
D:\CATE_WORK\GATE_EMT_DDS\GATE_EMT_DDS_v1.0\GATE_EMT_DDS_v1.0\DDSUnit.cpp(259,25): error C2039: "CreateMemory": не является членом "gate::Adapter".
D:\CATE_WORK\GATE_EMT_DDS\GATE_EMT_DDS_v1.0\GATE_EMT_DDS_v1.0\Adapters.h(7): message : см. объявление "gate::Adapter"
D:\CATE_WORK\GATE_EMT_DDS\GATE_EMT_DDS_v1.0\GATE_EMT_DDS_v1.0\DDSUnit.cpp(265,14): error C3861: CreateNameMemoryDDS: идентификатор не найден
D:\CATE_WORK\GATE_EMT_DDS\GATE_EMT_DDS_v1.0\GATE_EMT_DDS_v1.0\DDSUnit.cpp(266,25): error C2039: "CreateMemory": не является членом "gate::Adapter".
D:\CATE_WORK\GATE_EMT_DDS\GATE_EMT_DDS_v1.0\GATE_EMT_DDS_v1.0\Adapters.h(7): message : см. объявление "gate::Adapter"
  gate.cpp
  KKS_Reader.cpp
  main.cpp
D:\CATE_WORK\GATE_EMT_DDS\GATE_EMT_DDS_v1.0\GATE_EMT_DDS_v1.0\main.cpp(13,1): error C2144: синтаксическая ошибка: перед "int" требуется ";"
D:\CATE_WORK\GATE_EMT_DDS\GATE_EMT_DDS_v1.0\GATE_EMT_DDS_v1.0\main.cpp(13,5): error C4430: отсутствует спецификатор типа - предполагается int. Примечание. C++ не поддерживает int по умолчанию
  security_handle.cpp
  SharedMemoryAdaptor.cpp
C:\Program Files (x86)\Microsoft Visual Studio\2019\Community\VC\Tools\MSVC\14.29.30133\include\memory(3119,1): error C2070: _Ty: недопустимый оператор sizeof
          with
          [
              _Ty=void
          ]
C:\Program Files (x86)\Microsoft Visual Studio\2019\Community\VC\Tools\MSVC\14.29.30133\include\memory(3118): message : во время компиляции функции-члена класс шаблон "void std::default_delete<void>::operator ()(_Ty *) noexcept const"
          with
          [
              _Ty=void
          ]
C:\Program Files (x86)\Microsoft Visual Studio\2019\Community\VC\Tools\MSVC\14.29.30133\include\memory(3230): message : выполняется компиляция ссылки на экземпляр шаблон функции "void std::default_delete<void>::operator ()(_Ty *) noexcept const"
          with
          [
              _Ty=void
          ]
C:\Program Files (x86)\Microsoft Visual Studio\2019\Community\VC\Tools\MSVC\14.29.30133\include\memory(3157): message : выполняется компиляция ссылки на экземпляр класс шаблон функции "std::default_delete<void>"
D:\CATE_WORK\GATE_EMT_DDS\GATE_EMT_DDS_v1.0\GATE_EMT_DDS_v1.0\SharedMemoryAdaptor.cpp(96): message : выполняется компиляция ссылки на экземпляр класс шаблон функции "std::unique_ptr<void,std::default_delete<void>>"
C:\Program Files (x86)\Microsoft Visual Studio\2019\Community\VC\Tools\MSVC\14.29.30133\include\memory(3119,25): error C2338: can't delete an incomplete type
  Создание кода...
D:\CATE_WORK\GATE_EMT_DDS\GATE_EMT_DDS_v1.0\GATE_EMT_DDS_v1.0\KKS_Reader.cpp(166): warning C4715: KKSReader::ReturnMaxPosition: значение возвращается не при всех путях выполнения
D:\CATE_WORK\GATE_EMT_DDS\GATE_EMT_DDS_v1.0\GATE_EMT_DDS_v1.0\gate.cpp(47): warning C4715: DDS_Gate::init_gate: значение возвращается не при всех путях выполнения
