  logger.cpp
D:\CATE_WORK\logger_crossplatform\logger.cpp(445,82): warning C4267: аргумент: преобразование из "size_t" в "DWORD"; возможна потеря данных
  Config_Reader.cpp
D:\CATE_WORK\GATE_EMT_DDS\GATE_EMT_DDS_v0.1\GATE_EMT_DDS_v0.1\Config_Reader.cpp(53,44): warning C4267: =: преобразование из "size_t" в "int"; возможна потеря данных
D:\CATE_WORK\GATE_EMT_DDS\GATE_EMT_DDS_v0.1\GATE_EMT_DDS_v0.1\Config_Reader.cpp(224,44): warning C4267: =: преобразование из "size_t" в "int"; возможна потеря данных
  DDSUnit.cpp
D:\CATE_WORK\GATE_EMT_DDS\GATE_EMT_DDS_v0.1\GATE_EMT_DDS_v0.1\DDSUnit.cpp(115,7): warning C4101: res_bool: неиспользованная локальная переменная
  gate.cpp
  KKS_Reader.cpp
  main.cpp
  SM_DDS.cpp
D:\CATE_WORK\GATE_EMT_DDS\GATE_EMT_DDS_v0.1\GATE_EMT_DDS_v0.1\SM_DDS.cpp(230,36): warning C4244: =: преобразование "_Rep" в "unsigned short", возможна потеря данных
          with
          [
              _Rep=__int64
          ]
D:\CATE_WORK\GATE_EMT_DDS\GATE_EMT_DDS_v0.1\GATE_EMT_DDS_v0.1\SM_DDS.cpp(263,36): warning C4244: =: преобразование "_Rep" в "unsigned short", возможна потеря данных
          with
          [
              _Rep=__int64
          ]
D:\CATE_WORK\GATE_EMT_DDS\GATE_EMT_DDS_v0.1\GATE_EMT_DDS_v0.1\SM_DDS.cpp(296,36): warning C4244: =: преобразование "_Rep" в "unsigned short", возможна потеря данных
          with
          [
              _Rep=__int64
          ]
D:\CATE_WORK\GATE_EMT_DDS\GATE_EMT_DDS_v0.1\GATE_EMT_DDS_v0.1\SM_DDS.cpp(316,15): warning C4018: >: несоответствие типов со знаком и без знака
D:\CATE_WORK\GATE_EMT_DDS\GATE_EMT_DDS_v0.1\GATE_EMT_DDS_v0.1\SM_DDS.cpp(337,37): warning C4244: =: преобразование "_Rep" в "unsigned short", возможна потеря данных
          with
          [
              _Rep=__int64
          ]
D:\CATE_WORK\GATE_EMT_DDS\GATE_EMT_DDS_v0.1\GATE_EMT_DDS_v0.1\SM_DDS.cpp(349,15): warning C4018: >: несоответствие типов со знаком и без знака
D:\CATE_WORK\GATE_EMT_DDS\GATE_EMT_DDS_v0.1\GATE_EMT_DDS_v0.1\SM_DDS.cpp(370,37): warning C4244: =: преобразование "_Rep" в "unsigned short", возможна потеря данных
          with
          [
              _Rep=__int64
          ]
D:\CATE_WORK\GATE_EMT_DDS\GATE_EMT_DDS_v0.1\GATE_EMT_DDS_v0.1\SM_DDS.cpp(382,15): warning C4018: >: несоответствие типов со знаком и без знака
D:\CATE_WORK\GATE_EMT_DDS\GATE_EMT_DDS_v0.1\GATE_EMT_DDS_v0.1\SM_DDS.cpp(403,37): warning C4244: =: преобразование "_Rep" в "unsigned short", возможна потеря данных
          with
          [
              _Rep=__int64
          ]
  Создание кода...
D:\CATE_WORK\GATE_EMT_DDS\GATE_EMT_DDS_v0.1\GATE_EMT_DDS_v0.1\KKS_Reader.cpp(166): warning C4715: KKSReader::ReturnMaxPosition: значение возвращается не при всех путях выполнения
  LINK : указан параметр /LTCG, но не требуется создание кода; удалите /LTCG из командной строки компоновки для повышения производительности компоновщика
  GATE_EMT_DDS_v0.1.vcxproj -> D:\CATE_WORK\GATE_EMT_DDS\GATE_EMT_DDS_v0.1\x64\Release\GATE_EMT_DDS_v0.1.exe
