  simulator.cpp
D:\CATE_WORK\GATE_EMT_DDS\Simulator_EMT\Simulator_EMT\simulator.cpp(73,24): warning C4018: <: несоответствие типов со знаком и без знака
D:\CATE_WORK\GATE_EMT_DDS\Simulator_EMT\Simulator_EMT\simulator.cpp(107,17): warning C4101: e: неиспользованная локальная переменная
D:\CATE_WORK\GATE_EMT_DDS\Simulator_EMT\Simulator_EMT\simulator.cpp(136,23): warning C4018: <: несоответствие типов со знаком и без знака
D:\CATE_WORK\GATE_EMT_DDS\Simulator_EMT\Simulator_EMT\simulator.cpp(193,124): warning C4305: аргумент: усечение из "double" в "T"
          with
          [
              T=float
          ]
D:\CATE_WORK\GATE_EMT_DDS\Simulator_EMT\Simulator_EMT\simulator.cpp(204,116): warning C4305: аргумент: усечение из "double" в "T"
          with
          [
              T=float
          ]
D:\CATE_WORK\GATE_EMT_DDS\Simulator_EMT\Simulator_EMT\simulator.cpp(263,23): warning C4018: <: несоответствие типов со знаком и без знака
D:\CATE_WORK\GATE_EMT_DDS\Simulator_EMT\Simulator_EMT\simulator.cpp(214,19): warning C4244: =: преобразование "unsigned int" в "T", возможна потеря данных
          with
          [
              T=float
          ]
D:\CATE_WORK\GATE_EMT_DDS\Simulator_EMT\Simulator_EMT\simulator.cpp(78): message : выполняется компиляция ссылки на экземпляр шаблон функции "void scada_ate::emt::simulator::Simulator::fillin_buffer<float>(T *,unsigned int)"
          with
          [
              T=float
          ]
D:\CATE_WORK\GATE_EMT_DDS\Simulator_EMT\Simulator_EMT\simulator.cpp(244,16): warning C4244: инициализация: преобразование "double" в "float", возможна потеря данных
D:\CATE_WORK\GATE_EMT_DDS\Simulator_EMT\Simulator_EMT\simulator.cpp(187): message : выполняется компиляция ссылки на экземпляр шаблон функции "void scada_ate::emt::simulator::Simulator::update_buffer_sine<float>(T *,unsigned int,unsigned int,unsigned int)"
          with
          [
              T=float
          ]
D:\CATE_WORK\GATE_EMT_DDS\Simulator_EMT\Simulator_EMT\simulator.cpp(246,23): warning C4018: <: несоответствие типов со знаком и без знака
D:\CATE_WORK\GATE_EMT_DDS\Simulator_EMT\Simulator_EMT\simulator.cpp(248,23): warning C4244: =: преобразование "double" в "T", возможна потеря данных
          with
          [
              T=float
          ]
D:\CATE_WORK\GATE_EMT_DDS\Simulator_EMT\Simulator_EMT\simulator.cpp(248,23): warning C4244: =: преобразование "double" в "T", возможна потеря данных
          with
          [
              T=int
          ]
D:\CATE_WORK\GATE_EMT_DDS\Simulator_EMT\Simulator_EMT\simulator.cpp(230,24): warning C4018: <: несоответствие типов со знаком и без знака
D:\CATE_WORK\GATE_EMT_DDS\Simulator_EMT\Simulator_EMT\simulator.cpp(193): message : выполняется компиляция ссылки на экземпляр шаблон функции "void scada_ate::emt::simulator::Simulator::update_buffer_triangle<float>(T *,unsigned int,int *,T,unsigned int)"
          with
          [
              T=float
          ]
D:\CATE_WORK\GATE_EMT_DDS\Simulator_EMT\Simulator_EMT\simulator.cpp(254,23): warning C4018: <: несоответствие типов со знаком и без знака
D:\CATE_WORK\GATE_EMT_DDS\Simulator_EMT\Simulator_EMT\simulator.cpp(204): message : выполняется компиляция ссылки на экземпляр шаблон функции "void scada_ate::emt::simulator::Simulator::update_buffer_saw<float>(T *,unsigned int,T,unsigned int)"
          with
          [
              T=float
          ]
D:\CATE_WORK\GATE_EMT_DDS\Simulator_EMT\Simulator_EMT\simulator.cpp(257,21): warning C4018: >: несоответствие типов со знаком и без знака
  Создание кода
  9 of 1255 functions ( 0.7%) were compiled, the rest were copied from previous compilation.
    6 functions were new in current compilation
    59 functions had inline decision re-evaluated but remain unchanged
  Создание кода завершено
  Simulator_EMT.vcxproj -> D:\CATE_WORK\GATE_EMT_DDS\Simulator_EMT\x64\Release\Simulator_EMT.exe
