d:\cate_work\gate_emt_dds\project_emt_dds\dds_laboratory\generator_config\generator_config\x64\release\vc143.pdb
d:\cate_work\gate_emt_dds\project_emt_dds\dds_laboratory\generator_config\generator_config\x64\release\tinyxml2.obj
d:\cate_work\gate_emt_dds\project_emt_dds\dds_laboratory\generator_config\generator_config\x64\release\json2xml.obj
d:\cate_work\gate_emt_dds\project_emt_dds\dds_laboratory\generator_config\generator_config\x64\release\exception.obj
d:\cate_work\gate_emt_dds\project_emt_dds\dds_laboratory\generator_config\generator_config\x64\release\main.obj
d:\cate_work\gate_emt_dds\project_emt_dds\dds_laboratory\generator_config\generator_config\x64\release\configutils.obj
d:\cate_work\gate_emt_dds\project_emt_dds\dds_laboratory\generator_config\generator_config\x64\release\main_c6925.obj
d:\cate_work\gate_emt_dds\project_emt_dds\dds_laboratory\generator_config\generator_config\x64\release\main_prosys.obj
d:\cate_work\gate_emt_dds\project_emt_dds\dds_laboratory\generator_config\generator_config\x64\release\main_sm.obj
d:\cate_work\gate_emt_dds\project_emt_dds\dds_laboratory\generator_config\generator_config\x64\release\main_ddsws.obj
d:\cate_work\gate_emt_dds\project_emt_dds\dds_laboratory\generator_config\generator_config\x64\release\main_emt.obj
d:\cate_work\gate_emt_dds\project_emt_dds\dds_laboratory\generator_config\generator_config\x64\release\main_test_dataex.obj
d:\cate_work\gate_emt_dds\project_emt_dds\dds_laboratory\generator_config\x64\release\generator_config.exe
d:\cate_work\gate_emt_dds\project_emt_dds\dds_laboratory\generator_config\generator_config\x64\release\generator_config.ipdb
d:\cate_work\gate_emt_dds\project_emt_dds\dds_laboratory\generator_config\x64\release\generator_config.pdb
d:\cate_work\gate_emt_dds\project_emt_dds\dds_laboratory\generator_config\generator_config\x64\release\generator_config.iobj
d:\cate_work\gate_emt_dds\project_emt_dds\dds_laboratory\generator_config\generator_config\x64\release\generator_config.tlog\cl.command.1.tlog
d:\cate_work\gate_emt_dds\project_emt_dds\dds_laboratory\generator_config\generator_config\x64\release\generator_config.tlog\cl.read.1.tlog
d:\cate_work\gate_emt_dds\project_emt_dds\dds_laboratory\generator_config\generator_config\x64\release\generator_config.tlog\cl.write.1.tlog
d:\cate_work\gate_emt_dds\project_emt_dds\dds_laboratory\generator_config\generator_config\x64\release\generator_config.tlog\link.command.1.tlog
d:\cate_work\gate_emt_dds\project_emt_dds\dds_laboratory\generator_config\generator_config\x64\release\generator_config.tlog\link.read.1.tlog
d:\cate_work\gate_emt_dds\project_emt_dds\dds_laboratory\generator_config\generator_config\x64\release\generator_config.tlog\link.write.1.tlog
